<?xml version="1.0" encoding="UTF-8"?>
<testng-results ignored="0" total="1" passed="1" failed="0" skipped="0">
  <reporter-output>
  </reporter-output>
  <suite started-at="2023-06-29T14:09:04 IST" name="Default suite" finished-at="2023-06-29T14:09:47 IST" duration-ms="42644">
    <groups>
    </groups>
    <test started-at="2023-06-29T14:09:04 IST" name="Default test" finished-at="2023-06-29T14:09:47 IST" duration-ms="42644">
      <class name="uiautomation.amazontestcases.Amazon">
        <test-method is-config="true" signature="launchbrowser()[pri:0, instance:uiautomation.amazontestcases.Amazon@4da4253]" started-at="2023-06-29T14:09:04 IST" name="launchbrowser" finished-at="2023-06-29T14:09:09 IST" duration-ms="5343" status="PASS">
          <reporter-output>
          </reporter-output>
        </test-method> <!-- launchbrowser -->
        <test-method signature="signupaccount()[pri:0, instance:uiautomation.amazontestcases.Amazon@4da4253]" started-at="2023-06-29T14:09:09 IST" name="signupaccount" finished-at="2023-06-29T14:09:47 IST" duration-ms="37251" status="PASS">
          <reporter-output>
          </reporter-output>
        </test-method> <!-- signupaccount -->
      </class> <!-- uiautomation.amazontestcases.Amazon -->
    </test> <!-- Default test -->
  </suite> <!-- Default suite -->
</testng-results>
