<?xml version="1.0" encoding="UTF-8"?>
<testng-results ignored="0" total="1" passed="1" failed="0" skipped="0">
  <reporter-output>
  </reporter-output>
  <suite started-at="2023-06-28T13:29:51 IST" name="Default suite" finished-at="2023-06-28T13:30:35 IST" duration-ms="43323">
    <groups>
    </groups>
    <test started-at="2023-06-28T13:29:51 IST" name="Default test" finished-at="2023-06-28T13:30:35 IST" duration-ms="43323">
      <class name="com.uiautomation.webtest.Fileupload">
        <test-method is-config="true" signature="launchBrowser()[pri:0, instance:com.uiautomation.webtest.Fileupload@3972a855]" started-at="2023-06-28T13:29:51 IST" name="launchBrowser" finished-at="2023-06-28T13:30:22 IST" duration-ms="30854" status="PASS">
          <reporter-output>
          </reporter-output>
        </test-method> <!-- launchBrowser -->
        <test-method signature="verifyFileUpload()[pri:0, instance:com.uiautomation.webtest.Fileupload@3972a855]" started-at="2023-06-28T13:30:22 IST" name="verifyFileUpload" finished-at="2023-06-28T13:30:34 IST" duration-ms="11995" status="PASS">
          <reporter-output>
          </reporter-output>
        </test-method> <!-- verifyFileUpload -->
        <test-method is-config="true" signature="closebrowser()[pri:0, instance:com.uiautomation.webtest.Fileupload@3972a855]" started-at="2023-06-28T13:30:34 IST" name="closebrowser" finished-at="2023-06-28T13:30:35 IST" duration-ms="382" status="PASS">
          <reporter-output>
          </reporter-output>
        </test-method> <!-- closebrowser -->
      </class> <!-- com.uiautomation.webtest.Fileupload -->
    </test> <!-- Default test -->
  </suite> <!-- Default suite -->
</testng-results>
